  Command.cpp
C:\Users\Dyuga\Desktop\study_labs\oop\lab3_robots\Environment.h(74,22): warning C4018: '>=': signed/unsigned mismatch
C:\Users\Dyuga\Desktop\study_labs\oop\lab3_robots\Environment.h(75,19): warning C4018: '>=': signed/unsigned mismatch
  CommandHandler.cpp
C:\Users\Dyuga\Desktop\study_labs\oop\lab3_robots\Environment.h(74,22): warning C4018: '>=': signed/unsigned mismatch
C:\Users\Dyuga\Desktop\study_labs\oop\lab3_robots\Environment.h(75,19): warning C4018: '>=': signed/unsigned mismatch
  Environment.cpp
C:\Users\Dyuga\Desktop\study_labs\oop\lab3_robots\Environment.h(74,22): warning C4018: '>=': signed/unsigned mismatch
C:\Users\Dyuga\Desktop\study_labs\oop\lab3_robots\Environment.h(75,19): warning C4018: '>=': signed/unsigned mismatch
  Explorer.cpp
C:\Users\Dyuga\Desktop\study_labs\oop\lab3_robots\Environment.h(74,22): warning C4018: '>=': signed/unsigned mismatch
C:\Users\Dyuga\Desktop\study_labs\oop\lab3_robots\Environment.h(75,19): warning C4018: '>=': signed/unsigned mismatch
  Manager.cpp
C:\Users\Dyuga\Desktop\study_labs\oop\lab3_robots\Environment.h(74,22): warning C4018: '>=': signed/unsigned mismatch
C:\Users\Dyuga\Desktop\study_labs\oop\lab3_robots\Environment.h(75,19): warning C4018: '>=': signed/unsigned mismatch
C:\Users\Dyuga\Desktop\study_labs\oop\lab3_robots\Manager.cpp(22,26): warning C4018: '<': signed/unsigned mismatch
C:\Users\Dyuga\Desktop\study_labs\oop\lab3_robots\Manager.cpp(23,27): warning C4018: '<': signed/unsigned mismatch
  Mode.cpp
C:\Users\Dyuga\Desktop\study_labs\oop\lab3_robots\Environment.h(74,22): warning C4018: '>=': signed/unsigned mismatch
C:\Users\Dyuga\Desktop\study_labs\oop\lab3_robots\Environment.h(75,19): warning C4018: '>=': signed/unsigned mismatch
  Parser.cpp
C:\Users\Dyuga\Desktop\study_labs\oop\lab3_robots\Environment.h(74,22): warning C4018: '>=': signed/unsigned mismatch
C:\Users\Dyuga\Desktop\study_labs\oop\lab3_robots\Environment.h(75,19): warning C4018: '>=': signed/unsigned mismatch
  Repeater.cpp
C:\Users\Dyuga\Desktop\study_labs\oop\lab3_robots\Environment.h(74,22): warning C4018: '>=': signed/unsigned mismatch
C:\Users\Dyuga\Desktop\study_labs\oop\lab3_robots\Environment.h(75,19): warning C4018: '>=': signed/unsigned mismatch
  Robot.cpp
C:\Users\Dyuga\Desktop\study_labs\oop\lab3_robots\Environment.h(74,22): warning C4018: '>=': signed/unsigned mismatch
C:\Users\Dyuga\Desktop\study_labs\oop\lab3_robots\Environment.h(75,19): warning C4018: '>=': signed/unsigned mismatch
  Sapper.cpp
C:\Users\Dyuga\Desktop\study_labs\oop\lab3_robots\Environment.h(74,22): warning C4018: '>=': signed/unsigned mismatch
C:\Users\Dyuga\Desktop\study_labs\oop\lab3_robots\Environment.h(75,19): warning C4018: '>=': signed/unsigned mismatch
  View.cpp
C:\Users\Dyuga\Desktop\study_labs\oop\lab3_robots\Environment.h(74,22): warning C4018: '>=': signed/unsigned mismatch
C:\Users\Dyuga\Desktop\study_labs\oop\lab3_robots\Environment.h(75,19): warning C4018: '>=': signed/unsigned mismatch
  main.cpp
C:\Users\Dyuga\Desktop\study_labs\oop\lab3_robots\Environment.h(74,22): warning C4018: '>=': signed/unsigned mismatch
C:\Users\Dyuga\Desktop\study_labs\oop\lab3_robots\Environment.h(75,19): warning C4018: '>=': signed/unsigned mismatch
  Generating Code...
C:\Users\Dyuga\Desktop\study_labs\oop\lab3_robots\Environment.h(35): warning C4172: returning address of local variable or temporary
C:\Users\Dyuga\Desktop\study_labs\oop\lab3_robots\Environment.h(35): warning C4172: returning address of local variable or temporary
  lab3_robots.vcxproj -> C:\Users\Dyuga\Desktop\study_labs\oop\lab3_robots\x64\Debug\lab3_robots.exe
